2026-03-29 21:07:57,924 [INFO] ============================================================
2026-03-29 21:07:57,924 [INFO] Wikidata Crawler 開始
2026-03-29 21:07:57,925 [INFO] 範囲: 1980 - 1980
2026-03-29 21:07:57,925 [INFO] 年代数: 0
2026-03-29 21:07:57,925 [INFO] 完了済み: 0
2026-03-29 21:07:57,925 [INFO] リクエスト間隔: 5.0秒
2026-03-29 21:07:57,925 [INFO] ============================================================
2026-03-29 21:07:57,925 [INFO] 
============================================================
2026-03-29 21:07:57,925 [INFO] 統計情報:
2026-03-29 21:07:57,926 [INFO]   取得レコード数: 0
2026-03-29 21:07:57,926 [INFO]   完了年代数: 0
2026-03-29 21:07:57,926 [INFO]   失敗年代: なし
2026-03-29 21:07:57,926 [INFO]   総リクエスト数: 0
2026-03-29 21:07:57,926 [INFO]   エラー数: 0
2026-03-29 21:07:57,926 [INFO] ============================================================
2026-03-29 21:07:57,926 [INFO] クロール完了！ --merge-only で結合できます。
2026-03-29 21:09:08,919 [INFO] ============================================================
2026-03-29 21:09:08,919 [INFO] Wikidata Crawler 開始
2026-03-29 21:09:08,919 [INFO] 範囲: 1980 - 1990
2026-03-29 21:09:08,920 [INFO] 年代数: 1
2026-03-29 21:09:08,920 [INFO] 完了済み: 0
2026-03-29 21:09:08,920 [INFO] リクエスト間隔: 5.0秒
2026-03-29 21:09:08,920 [INFO] ============================================================
2026-03-29 21:09:08,920 [INFO] [1/1] 1980-1990 を取得中...
2026-03-29 21:10:15,219 [WARNING] 504 Server Error (attempt 1/5). Waiting 30s...
2026-03-29 21:11:50,551 [WARNING] 504 Server Error (attempt 2/5). Waiting 60s...
2026-03-29 21:13:55,871 [INFO] 
中断されました。進捗は保存済みです。
2026-03-29 21:13:55,872 [INFO] 
============================================================
2026-03-29 21:13:55,872 [INFO] 統計情報:
2026-03-29 21:13:55,872 [INFO]   取得レコード数: 0
2026-03-29 21:13:55,873 [INFO]   完了年代数: 0
2026-03-29 21:13:55,873 [INFO]   失敗年代: なし
2026-03-29 21:13:55,873 [INFO]   総リクエスト数: 3
2026-03-29 21:13:55,873 [INFO]   エラー数: 2
2026-03-29 21:13:55,873 [INFO] ============================================================
